Using pre-set license
Built from '2021.3/staging' branch; Version is '2021.3.9f1 (ad3870b89536) revision 11352176'; Using compiler version '192829333'; Build Type 'Release'
OS: 'Windows 10  (10.0.19045) 64bit Education' Language: 'en' Physical Memory: 16165 MB
BatchMode: 1, IsHumanControllingUs: 0, StartBugReporterOnCrash: 0, Is64bit: 1, IsPro: 1

COMMAND LINE ARGUMENTS:
C:\Program Files\Unity\Hub\Editor\2021.3.9f1\Editor\Unity.exe
-adb2
-batchMode
-noUpm
-name
AssetImportWorker0
-projectPath
D:/New folder (2)/RowellPrototypes2022
-logFile
Logs/AssetImportWorker0.log
-srvPort
63371
Successfully changed project path to: D:/New folder (2)/RowellPrototypes2022
D:/New folder (2)/RowellPrototypes2022
[UnityMemory] Configuration Parameters - Can be set up in boot.config
    "memorysetup-bucket-allocator-granularity=16"
    "memorysetup-bucket-allocator-bucket-count=8"
    "memorysetup-bucket-allocator-block-size=33554432"
    "memorysetup-bucket-allocator-block-count=8"
    "memorysetup-main-allocator-block-size=16777216"
    "memorysetup-thread-allocator-block-size=16777216"
    "memorysetup-gfx-main-allocator-block-size=16777216"
    "memorysetup-gfx-thread-allocator-block-size=16777216"
    "memorysetup-cache-allocator-block-size=4194304"
    "memorysetup-typetree-allocator-block-size=2097152"
    "memorysetup-profiler-bucket-allocator-granularity=16"
    "memorysetup-profiler-bucket-allocator-bucket-count=8"
    "memorysetup-profiler-bucket-allocator-block-size=33554432"
    "memorysetup-profiler-bucket-allocator-block-count=8"
    "memorysetup-profiler-allocator-block-size=16777216"
    "memorysetup-profiler-editor-allocator-block-size=1048576"
    "memorysetup-temp-allocator-size-main=16777216"
    "memorysetup-job-temp-allocator-block-size=2097152"
    "memorysetup-job-temp-allocator-block-size-background=1048576"
    "memorysetup-job-temp-allocator-reduction-small-platforms=262144"
    "memorysetup-temp-allocator-size-background-worker=32768"
    "memorysetup-temp-allocator-size-job-worker=262144"
    "memorysetup-temp-allocator-size-preload-manager=33554432"
    "memorysetup-temp-allocator-size-nav-mesh-worker=65536"
    "memorysetup-temp-allocator-size-audio-worker=65536"
    "memorysetup-temp-allocator-size-cloud-worker=32768"
    "memorysetup-temp-allocator-size-gi-baking-worker=262144"
    "memorysetup-temp-allocator-size-gfx=262144"
Refreshing native plugins compatible for Editor in 29.40 ms, found 2 plugins.
Preloading 0 native plugins for Editor in 0.00 ms.
Initialize engine version: 2021.3.9f1 (ad3870b89536)
[Subsystems] Discovering subsystems at path C:/Program Files/Unity/Hub/Editor/2021.3.9f1/Editor/Data/Resources/UnitySubsystems
[Subsystems] Discovering subsystems at path D:/New folder (2)/RowellPrototypes2022/Assets
GfxDevice: creating device client; threaded=0; jobified=0
Direct3D:
    Version:  Direct3D 11.0 [level 11.1]
    Renderer: Intel(R) UHD Graphics 630 (ID=0x3e92)
    Vendor:   Intel
    VRAM:     8082 MB
    Driver:   30.0.101.1692
Initialize mono
Mono path[0] = 'C:/Program Files/Unity/Hub/Editor/2021.3.9f1/Editor/Data/Managed'
Mono path[1] = 'C:/Program Files/Unity/Hub/Editor/2021.3.9f1/Editor/Data/MonoBleedingEdge/lib/mono/unityjit-win32'
Mono config path = 'C:/Program Files/Unity/Hub/Editor/2021.3.9f1/Editor/Data/MonoBleedingEdge/etc'
Using monoOptions --debugger-agent=transport=dt_socket,embedding=1,server=y,suspend=n,address=127.0.0.1:56044
Begin MonoManager ReloadAssembly
Registering precompiled unity dll's ...
Register platform support module: C:/Program Files/Unity/Hub/Editor/2021.3.9f1/Editor/Data/PlaybackEngines/WebGLSupport/UnityEditor.WebGL.Extensions.dll
Register platform support module: C:/Program Files/Unity/Hub/Editor/2021.3.9f1/Editor/Data/PlaybackEngines/WindowsStandaloneSupport/UnityEditor.WindowsStandalone.Extensions.dll
Register platform support module: C:/Program Files/Unity/Hub/Editor/2021.3.9f1/Editor/Data/PlaybackEngines/MetroSupport/UnityEditor.UWP.Extensions.dll
Registered in 0.006843 seconds.
Native extension for UWP target not found
Native extension for WindowsStandalone target not found
Native extension for WebGL target not found
Refreshing native plugins compatible for Editor in 27.75 ms, found 2 plugins.
Preloading 0 native plugins for Editor in 0.00 ms.
Mono: successfully reloaded assembly
- Completed reload, in  0.520 seconds
Domain Reload Profiling:
	ReloadAssembly (520ms)
		BeginReloadAssembly (67ms)
			ExecutionOrderSort (0ms)
			DisableScriptedObjects (0ms)
			BackupInstance (0ms)
			ReleaseScriptingObjects (0ms)
			CreateAndSetChildDomain (1ms)
		EndReloadAssembly (353ms)
			LoadAssemblies (66ms)
			RebuildTransferFunctionScriptingTraits (0ms)
			SetupTypeCache (94ms)
			ReleaseScriptCaches (0ms)
			RebuildScriptCaches (22ms)
			SetupLoadedEditorAssemblies (195ms)
				LogAssemblyErrors (0ms)
				InitializePlatformSupportModulesInManaged (9ms)
				SetLoadedEditorAssemblies (0ms)
				RefreshPlugins (28ms)
				BeforeProcessingInitializeOnLoad (1ms)
				ProcessInitializeOnLoadAttributes (119ms)
				ProcessInitializeOnLoadMethodAttributes (39ms)
				AfterProcessingInitializeOnLoad (0ms)
				EditorAssembliesLoaded (0ms)
			ExecutionOrderSort2 (0ms)
			AwakeInstancesAfterBackupRestoration (0ms)
Platform modules already initialized, skipping
Registering precompiled user dll's ...
Registered in 0.002547 seconds.
Begin MonoManager ReloadAssembly
Native extension for UWP target not found
Native extension for WindowsStandalone target not found
Native extension for WebGL target not found
Refreshing native plugins compatible for Editor in 0.37 ms, found 2 plugins.
Preloading 0 native plugins for Editor in 0.00 ms.
Mono: successfully reloaded assembly
- Completed reload, in  0.837 seconds
Domain Reload Profiling:
	ReloadAssembly (838ms)
		BeginReloadAssembly (98ms)
			ExecutionOrderSort (0ms)
			DisableScriptedObjects (5ms)
			BackupInstance (0ms)
			ReleaseScriptingObjects (0ms)
			CreateAndSetChildDomain (17ms)
		EndReloadAssembly (639ms)
			LoadAssemblies (65ms)
			RebuildTransferFunctionScriptingTraits (0ms)
			SetupTypeCache (175ms)
			ReleaseScriptCaches (0ms)
			RebuildScriptCaches (75ms)
			SetupLoadedEditorAssemblies (274ms)
				LogAssemblyErrors (0ms)
				InitializePlatformSupportModulesInManaged (7ms)
				SetLoadedEditorAssemblies (0ms)
				RefreshPlugins (0ms)
				BeforeProcessingInitializeOnLoad (46ms)
				ProcessInitializeOnLoadAttributes (181ms)
				ProcessInitializeOnLoadMethodAttributes (31ms)
				AfterProcessingInitializeOnLoad (6ms)
				EditorAssembliesLoaded (0ms)
			ExecutionOrderSort2 (0ms)
			AwakeInstancesAfterBackupRestoration (5ms)
Platform modules already initialized, skipping
========================================================================
Worker process is ready to serve import requests
Launched and connected shader compiler UnityShaderCompiler.exe after 0.04 seconds
Refreshing native plugins compatible for Editor in 0.35 ms, found 2 plugins.
Preloading 0 native plugins for Editor in 0.00 ms.
Unloading 1877 Unused Serialized files (Serialized files now loaded: 0)
Unloading 23 unused Assets / (55.7 KB). Loaded Objects now: 2349.
Memory consumption went from 79.9 MB to 79.9 MB.
Total: 2.920300 ms (FindLiveObjects: 0.136700 ms CreateObjectMapping: 0.049500 ms MarkObjects: 2.631400 ms  DeleteObjects: 0.101900 ms)

AssetImportParameters requested are different than current active one (requested -> active):
  custom:video-decoder-ogg-theora: a1e56fd34408186e4bbccfd4996cb3dc -> 
  custom:container-muxer-webm: aa71ff27fc2769a1b78a27578f13a17b -> 
  custom:container-demuxer-webm: 4f35f7cbe854078d1ac9338744f61a02 -> 
  custom:video-encoder-webm-vp8: eb34c28f22e8b96e1ab97ce403110664 -> 
  custom:audio-encoder-webm-vorbis: bf7c407c2cedff20999df2af8eb42d56 -> 
  custom:framework-win-MediaFoundation: 216162199b28c13a410421893ffa2e32 -> 
  custom:container-demuxer-ogg: 62fdf1f143b41e24485cea50d1cbac27 -> 
  custom:video-decoder-webm-vp8: 9c59270c3fd7afecdb556c50c9e8de78 -> 
  custom:audio-decoder-ogg-vorbis: bf7c407c2cedff20999df2af8eb42d56 -> 
========================================================================
Received Import Request.
  Time since last request: 184233.985660 seconds.
  path: Assets/6 - Open World (in development)/DeerAI
  artifactKey: Guid(c5fcf0f87c47a004ba476c5a4b14b3aa) Importer(815301076,1909f56bfc062723c751e8b465ee728b)
Start importing Assets/6 - Open World (in development)/DeerAI using Guid(c5fcf0f87c47a004ba476c5a4b14b3aa) Importer(815301076,1909f56bfc062723c751e8b465ee728b)  -> (artifact id: '740e150c6bd20e1ca7b2292db453b46d') in 0.033983 seconds 
========================================================================
Received Import Request.
  Time since last request: 0.000016 seconds.
  path: Assets/6 - Open World (in development)/3DModels
  artifactKey: Guid(0d26ed56f6d4018418aaed795a938841) Importer(815301076,1909f56bfc062723c751e8b465ee728b)
Start importing Assets/6 - Open World (in development)/3DModels using Guid(0d26ed56f6d4018418aaed795a938841) Importer(815301076,1909f56bfc062723c751e8b465ee728b)  -> (artifact id: 'fa824915c8bb8af166c9ac077d6ad284') in 0.033152 seconds 
========================================================================
Received Import Request.
  Time since last request: 0.100884 seconds.
  path: Assets/6 - Open World (in development)/Materials
  artifactKey: Guid(da7ec7c0164f1c64f99eb702556a30c8) Importer(815301076,1909f56bfc062723c751e8b465ee728b)
Start importing Assets/6 - Open World (in development)/Materials using Guid(da7ec7c0164f1c64f99eb702556a30c8) Importer(815301076,1909f56bfc062723c751e8b465ee728b)  -> (artifact id: 'e8c27be3b89f65e41d329d4bf37eee80') in 0.028664 seconds 
========================================================================
Received Import Request.
  Time since last request: 0.976090 seconds.
  path: Assets/6 - Open World (in development)/Scenes
  artifactKey: Guid(2fa661863e3168d47a38e040d91f9644) Importer(815301076,1909f56bfc062723c751e8b465ee728b)
Start importing Assets/6 - Open World (in development)/Scenes using Guid(2fa661863e3168d47a38e040d91f9644) Importer(815301076,1909f56bfc062723c751e8b465ee728b)  -> (artifact id: '6580cd9dd4a10e93385ce3f5188347ed') in 0.028408 seconds 
========================================================================
Received Import Request.
  Time since last request: 6.414196 seconds.
  path: Assets/1 - Shooter/Textures/ShooterBgAlbedo.tif
  artifactKey: Guid(d5747c0ad449dc548aa020d83df45f65) Importer(815301076,1909f56bfc062723c751e8b465ee728b)
Start importing Assets/1 - Shooter/Textures/ShooterBgAlbedo.tif using Guid(d5747c0ad449dc548aa020d83df45f65) Importer(815301076,1909f56bfc062723c751e8b465ee728b)  -> (artifact id: '31e73770b990d0b2302c57f7b7b31431') in 2.088266 seconds 
========================================================================
Received Import Request.
  Time since last request: 0.000019 seconds.
  path: Assets/1 - Shooter/Textures/ShooterFPSWeaponNormals.tif
  artifactKey: Guid(b9ab8a72f9c36e649b4b69cab41fb7d8) Importer(815301076,1909f56bfc062723c751e8b465ee728b)
Start importing Assets/1 - Shooter/Textures/ShooterFPSWeaponNormals.tif using Guid(b9ab8a72f9c36e649b4b69cab41fb7d8) Importer(815301076,1909f56bfc062723c751e8b465ee728b)  -> (artifact id: 'e775207edaccffc158b94a7fb0c5d13c') in 0.124840 seconds 
========================================================================
Received Import Request.
  Time since last request: 0.000020 seconds.
  path: Assets/1 - Shooter/Textures/ShooterFPSWeaponOcclusion.tif
  artifactKey: Guid(0d318fb6db4fb694ca0f2da024066ac3) Importer(815301076,1909f56bfc062723c751e8b465ee728b)
Start importing Assets/1 - Shooter/Textures/ShooterFPSWeaponOcclusion.tif using Guid(0d318fb6db4fb694ca0f2da024066ac3) Importer(815301076,1909f56bfc062723c751e8b465ee728b)  -> (artifact id: '737085843e44e268e4f369d146c73347') in 0.079839 seconds 
========================================================================
Received Import Request.
  Time since last request: 0.000015 seconds.
  path: Assets/1 - Shooter/Textures/ShooterFPSWeaponAlbedo.tif
  artifactKey: Guid(fce7035b42ffdfd4d8944c5cf433df05) Importer(815301076,1909f56bfc062723c751e8b465ee728b)
Start importing Assets/1 - Shooter/Textures/ShooterFPSWeaponAlbedo.tif using Guid(fce7035b42ffdfd4d8944c5cf433df05) Importer(815301076,1909f56bfc062723c751e8b465ee728b)  -> (artifact id: 'fbcbc5c769633bd3e02a9d5da1b8bac6') in 0.056244 seconds 
========================================================================
Received Import Request.
  Time since last request: 0.000014 seconds.
  path: Assets/1 - Shooter/Textures/ShooterBlobShadowAlbedo.tif
  artifactKey: Guid(b3ce4dd229715a8429b80ea1ab0f65a2) Importer(815301076,1909f56bfc062723c751e8b465ee728b)
Start importing Assets/1 - Shooter/Textures/ShooterBlobShadowAlbedo.tif using Guid(b3ce4dd229715a8429b80ea1ab0f65a2) Importer(815301076,1909f56bfc062723c751e8b465ee728b)  -> (artifact id: '5adeb877aab8f8631625bd542a1dec86') in 0.075861 seconds 
========================================================================
Received Import Request.
  Time since last request: 0.000016 seconds.
  path: Assets/1 - Shooter/Textures/ShooterFPSWeapon2Occlusion.tif
  artifactKey: Guid(f41c2ebfb03c2fc45adc3e1aef45f4a1) Importer(815301076,1909f56bfc062723c751e8b465ee728b)
Start importing Assets/1 - Shooter/Textures/ShooterFPSWeapon2Occlusion.tif using Guid(f41c2ebfb03c2fc45adc3e1aef45f4a1) Importer(815301076,1909f56bfc062723c751e8b465ee728b)  -> (artifact id: 'aae23c6e939e7d849c059bcd0c147dfe') in 0.076889 seconds 
========================================================================
Received Import Request.
  Time since last request: 0.000021 seconds.
  path: Assets/1 - Shooter/Textures/ShooterTargetAlbedo.tif
  artifactKey: Guid(a63ed13f9d17cde4a98c66d2848d9bc5) Importer(815301076,1909f56bfc062723c751e8b465ee728b)
Start importing Assets/1 - Shooter/Textures/ShooterTargetAlbedo.tif using Guid(a63ed13f9d17cde4a98c66d2848d9bc5) Importer(815301076,1909f56bfc062723c751e8b465ee728b)  -> (artifact id: '3c5dd1470bdc7f3a39fd832c01163280') in 0.089354 seconds 
========================================================================
Received Import Request.
  Time since last request: 0.000013 seconds.
  path: Assets/1 - Shooter/Textures/ShooterSkybox.png
  artifactKey: Guid(78fde74ca5520cb4b979933655a20804) Importer(815301076,1909f56bfc062723c751e8b465ee728b)
Start importing Assets/1 - Shooter/Textures/ShooterSkybox.png using Guid(78fde74ca5520cb4b979933655a20804) Importer(815301076,1909f56bfc062723c751e8b465ee728b)  -> (artifact id: '1f516173755cda135ef37f22016ac247') in 0.107613 seconds 
========================================================================
Received Import Request.
  Time since last request: 8.256656 seconds.
  path: Assets/1 - Shooter/Sounds/rifle_fire.wav
  artifactKey: Guid(a297cc2fb45fcc54baa4e9a6956f18e8) Importer(815301076,1909f56bfc062723c751e8b465ee728b)
Start importing Assets/1 - Shooter/Sounds/rifle_fire.wav using Guid(a297cc2fb45fcc54baa4e9a6956f18e8) Importer(815301076,1909f56bfc062723c751e8b465ee728b)  -> (artifact id: '5d5ebfb21193301b2f7f61277494730c') in 0.094262 seconds 
========================================================================
Received Import Request.
  Time since last request: 0.000016 seconds.
  path: Assets/1 - Shooter/Sounds/submachinegun_fire.wav
  artifactKey: Guid(89b81ce697be48549a33ccf17f938068) Importer(815301076,1909f56bfc062723c751e8b465ee728b)
Start importing Assets/1 - Shooter/Sounds/submachinegun_fire.wav using Guid(89b81ce697be48549a33ccf17f938068) Importer(815301076,1909f56bfc062723c751e8b465ee728b)  -> (artifact id: '816f5ced7d8d8fa7ddb860681950c323') in 0.071406 seconds 
========================================================================
Received Import Request.
  Time since last request: 0.000022 seconds.
  path: Assets/1 - Shooter/Sounds/submachinegun_reload.mp3
  artifactKey: Guid(edc715134cc07b14897f30f4c08e3d88) Importer(815301076,1909f56bfc062723c751e8b465ee728b)
Start importing Assets/1 - Shooter/Sounds/submachinegun_reload.mp3 using Guid(edc715134cc07b14897f30f4c08e3d88) Importer(815301076,1909f56bfc062723c751e8b465ee728b)  -> (artifact id: 'af628b4a1628bc08a604f7be10705ed4') in 0.079990 seconds 
========================================================================
Received Import Request.
  Time since last request: 0.000013 seconds.
  path: Assets/1 - Shooter/Sounds/rifle_reload.wav
  artifactKey: Guid(6972787f344fd1d4b85f8a7e7a646bf2) Importer(815301076,1909f56bfc062723c751e8b465ee728b)
Start importing Assets/1 - Shooter/Sounds/rifle_reload.wav using Guid(6972787f344fd1d4b85f8a7e7a646bf2) Importer(815301076,1909f56bfc062723c751e8b465ee728b)  -> (artifact id: '279d3ea530a9dd65abc87ed5477b23e2') in 0.067728 seconds 
========================================================================
Received Import Request.
  Time since last request: 20.770162 seconds.
  path: Assets/1 - Shooter/Prefabs/Enemy.prefab
  artifactKey: Guid(4964cc88c98662f4e8d66d9b61549aa3) Importer(815301076,1909f56bfc062723c751e8b465ee728b)
Start importing Assets/1 - Shooter/Prefabs/Enemy.prefab using Guid(4964cc88c98662f4e8d66d9b61549aa3) Importer(815301076,1909f56bfc062723c751e8b465ee728b)  -> (artifact id: '8f6797acbe066c9961745112c98c29a1') in 0.302280 seconds 
========================================================================
Received Import Request.
  Time since last request: 0.000019 seconds.
  path: Assets/1 - Shooter/Prefabs/Player.prefab
  artifactKey: Guid(f5ec561ad4031934f937e955a20772cf) Importer(815301076,1909f56bfc062723c751e8b465ee728b)
Start importing Assets/1 - Shooter/Prefabs/Player.prefab using Guid(f5ec561ad4031934f937e955a20772cf) Importer(815301076,1909f56bfc062723c751e8b465ee728b)  -> (artifact id: 'c9d99c0ea635dba672b43f0452e37b7b') in 0.305986 seconds 
========================================================================
Received Import Request.
  Time since last request: 0.000021 seconds.
  path: Assets/1 - Shooter/Prefabs/Target Box.prefab
  artifactKey: Guid(b54426b3217f95f4bacf28a7afe29953) Importer(815301076,1909f56bfc062723c751e8b465ee728b)
Start importing Assets/1 - Shooter/Prefabs/Target Box.prefab using Guid(b54426b3217f95f4bacf28a7afe29953) Importer(815301076,1909f56bfc062723c751e8b465ee728b)  -> (artifact id: '4c6d5573888016ad1733c4dcc192fcd2') in 0.072968 seconds 
========================================================================
Received Import Request.
  Time since last request: 0.000014 seconds.
  path: Assets/1 - Shooter/Prefabs/Toggler.prefab
  artifactKey: Guid(6e6ad09343d52b246935553556aba414) Importer(815301076,1909f56bfc062723c751e8b465ee728b)
Start importing Assets/1 - Shooter/Prefabs/Toggler.prefab using Guid(6e6ad09343d52b246935553556aba414) Importer(815301076,1909f56bfc062723c751e8b465ee728b)  -> (artifact id: '5a1f31a830b6b9ba2bdc814b57e48a45') in 0.088699 seconds 
========================================================================
Received Import Request.
  Time since last request: 0.000030 seconds.
  path: Assets/1 - Shooter/Prefabs/TargetManager.prefab
  artifactKey: Guid(03965cad41f293b4c9dda707e7e5f461) Importer(815301076,1909f56bfc062723c751e8b465ee728b)
Start importing Assets/1 - Shooter/Prefabs/TargetManager.prefab using Guid(03965cad41f293b4c9dda707e7e5f461) Importer(815301076,1909f56bfc062723c751e8b465ee728b)  -> (artifact id: '2c5ec0f6dbcd6e3ab07ccaaff9a5149a') in 0.049027 seconds 
========================================================================
Received Import Request.
  Time since last request: 0.000016 seconds.
  path: Assets/1 - Shooter/Prefabs/Target.prefab
  artifactKey: Guid(f16546e4d3e576544952b6551aafb07f) Importer(815301076,1909f56bfc062723c751e8b465ee728b)
Start importing Assets/1 - Shooter/Prefabs/Target.prefab using Guid(f16546e4d3e576544952b6551aafb07f) Importer(815301076,1909f56bfc062723c751e8b465ee728b)  -> (artifact id: 'a706a302f1e8ec3acd643087881e7324') in 0.068794 seconds 
========================================================================
Received Prepare
Registering precompiled user dll's ...
Registered in 0.002235 seconds.
Begin MonoManager ReloadAssembly
Native extension for UWP target not found
Native extension for WindowsStandalone target not found
Native extension for WebGL target not found
Refreshing native plugins compatible for Editor in 0.39 ms, found 2 plugins.
Preloading 0 native plugins for Editor in 0.00 ms.
Mono: successfully reloaded assembly
- Completed reload, in  0.871 seconds
Domain Reload Profiling:
	ReloadAssembly (871ms)
		BeginReloadAssembly (116ms)
			ExecutionOrderSort (0ms)
			DisableScriptedObjects (6ms)
			BackupInstance (0ms)
			ReleaseScriptingObjects (0ms)
			CreateAndSetChildDomain (28ms)
		EndReloadAssembly (669ms)
			LoadAssemblies (72ms)
			RebuildTransferFunctionScriptingTraits (0ms)
			SetupTypeCache (178ms)
			ReleaseScriptCaches (1ms)
			RebuildScriptCaches (35ms)
			SetupLoadedEditorAssemblies (340ms)
				LogAssemblyErrors (0ms)
				InitializePlatformSupportModulesInManaged (14ms)
				SetLoadedEditorAssemblies (0ms)
				RefreshPlugins (0ms)
				BeforeProcessingInitializeOnLoad (42ms)
				ProcessInitializeOnLoadAttributes (229ms)
				ProcessInitializeOnLoadMethodAttributes (45ms)
				AfterProcessingInitializeOnLoad (9ms)
				EditorAssembliesLoaded (0ms)
			ExecutionOrderSort2 (0ms)
			AwakeInstancesAfterBackupRestoration (9ms)
Platform modules already initialized, skipping
Refreshing native plugins compatible for Editor in 1.88 ms, found 2 plugins.
Preloading 0 native plugins for Editor in 0.00 ms.
Unloading 1858 Unused Serialized files (Serialized files now loaded: 0)
Unloading 12 unused Assets / (24.7 KB). Loaded Objects now: 2398.
Memory consumption went from 83.1 MB to 83.1 MB.
Total: 4.487800 ms (FindLiveObjects: 0.205400 ms CreateObjectMapping: 0.084900 ms MarkObjects: 4.159700 ms  DeleteObjects: 0.035500 ms)

AssetImportParameters requested are different than current active one (requested -> active):
  custom:video-decoder-ogg-theora: a1e56fd34408186e4bbccfd4996cb3dc -> 
  custom:container-muxer-webm: aa71ff27fc2769a1b78a27578f13a17b -> 
  custom:container-demuxer-webm: 4f35f7cbe854078d1ac9338744f61a02 -> 
  custom:video-encoder-webm-vp8: eb34c28f22e8b96e1ab97ce403110664 -> 
  custom:audio-encoder-webm-vorbis: bf7c407c2cedff20999df2af8eb42d56 -> 
  custom:framework-win-MediaFoundation: 216162199b28c13a410421893ffa2e32 -> 
  custom:container-demuxer-ogg: 62fdf1f143b41e24485cea50d1cbac27 -> 
  custom:video-decoder-webm-vp8: 9c59270c3fd7afecdb556c50c9e8de78 -> 
  custom:audio-decoder-ogg-vorbis: bf7c407c2cedff20999df2af8eb42d56 -> 
========================================================================
Received Prepare
Registering precompiled user dll's ...
Registered in 0.002257 seconds.
Begin MonoManager ReloadAssembly
Native extension for UWP target not found
Native extension for WindowsStandalone target not found
Native extension for WebGL target not found
Refreshing native plugins compatible for Editor in 0.41 ms, found 2 plugins.
Preloading 0 native plugins for Editor in 0.00 ms.
Mono: successfully reloaded assembly
- Completed reload, in  1.029 seconds
Domain Reload Profiling:
	ReloadAssembly (1030ms)
		BeginReloadAssembly (147ms)
			ExecutionOrderSort (0ms)
			DisableScriptedObjects (9ms)
			BackupInstance (0ms)
			ReleaseScriptingObjects (0ms)
			CreateAndSetChildDomain (45ms)
		EndReloadAssembly (783ms)
			LoadAssemblies (79ms)
			RebuildTransferFunctionScriptingTraits (0ms)
			SetupTypeCache (183ms)
			ReleaseScriptCaches (1ms)
			RebuildScriptCaches (33ms)
			SetupLoadedEditorAssemblies (440ms)
				LogAssemblyErrors (0ms)
				InitializePlatformSupportModulesInManaged (14ms)
				SetLoadedEditorAssemblies (0ms)
				RefreshPlugins (0ms)
				BeforeProcessingInitializeOnLoad (58ms)
				ProcessInitializeOnLoadAttributes (297ms)
				ProcessInitializeOnLoadMethodAttributes (59ms)
				AfterProcessingInitializeOnLoad (11ms)
				EditorAssembliesLoaded (0ms)
			ExecutionOrderSort2 (0ms)
			AwakeInstancesAfterBackupRestoration (13ms)
Platform modules already initialized, skipping
Refreshing native plugins compatible for Editor in 2.48 ms, found 2 plugins.
Preloading 0 native plugins for Editor in 0.00 ms.
Unloading 1858 Unused Serialized files (Serialized files now loaded: 0)
Unloading 12 unused Assets / (24.6 KB). Loaded Objects now: 2401.
Memory consumption went from 83.1 MB to 83.1 MB.
Total: 4.978000 ms (FindLiveObjects: 0.353700 ms CreateObjectMapping: 0.336000 ms MarkObjects: 4.241200 ms  DeleteObjects: 0.045200 ms)

AssetImportParameters requested are different than current active one (requested -> active):
  custom:video-decoder-ogg-theora: a1e56fd34408186e4bbccfd4996cb3dc -> 
  custom:container-muxer-webm: aa71ff27fc2769a1b78a27578f13a17b -> 
  custom:container-demuxer-webm: 4f35f7cbe854078d1ac9338744f61a02 -> 
  custom:video-encoder-webm-vp8: eb34c28f22e8b96e1ab97ce403110664 -> 
  custom:audio-encoder-webm-vorbis: bf7c407c2cedff20999df2af8eb42d56 -> 
  custom:framework-win-MediaFoundation: 216162199b28c13a410421893ffa2e32 -> 
  custom:container-demuxer-ogg: 62fdf1f143b41e24485cea50d1cbac27 -> 
  custom:video-decoder-webm-vp8: 9c59270c3fd7afecdb556c50c9e8de78 -> 
  custom:audio-decoder-ogg-vorbis: bf7c407c2cedff20999df2af8eb42d56 -> 
========================================================================
Received Prepare
Registering precompiled user dll's ...
Registered in 0.002447 seconds.
Begin MonoManager ReloadAssembly
Native extension for UWP target not found
Native extension for WindowsStandalone target not found
Native extension for WebGL target not found
Refreshing native plugins compatible for Editor in 0.55 ms, found 2 plugins.
Preloading 0 native plugins for Editor in 0.00 ms.
Mono: successfully reloaded assembly
- Completed reload, in  1.668 seconds
Domain Reload Profiling:
	ReloadAssembly (1669ms)
		BeginReloadAssembly (243ms)
			ExecutionOrderSort (0ms)
			DisableScriptedObjects (13ms)
			BackupInstance (0ms)
			ReleaseScriptingObjects (0ms)
			CreateAndSetChildDomain (57ms)
		EndReloadAssembly (1256ms)
			LoadAssemblies (171ms)
			RebuildTransferFunctionScriptingTraits (0ms)
			SetupTypeCache (383ms)
			ReleaseScriptCaches (2ms)
			RebuildScriptCaches (71ms)
			SetupLoadedEditorAssemblies (591ms)
				LogAssemblyErrors (0ms)
				InitializePlatformSupportModulesInManaged (28ms)
				SetLoadedEditorAssemblies (1ms)
				RefreshPlugins (1ms)
				BeforeProcessingInitializeOnLoad (95ms)
				ProcessInitializeOnLoadAttributes (394ms)
				ProcessInitializeOnLoadMethodAttributes (61ms)
				AfterProcessingInitializeOnLoad (11ms)
				EditorAssembliesLoaded (0ms)
			ExecutionOrderSort2 (0ms)
			AwakeInstancesAfterBackupRestoration (13ms)
Platform modules already initialized, skipping
Refreshing native plugins compatible for Editor in 1.05 ms, found 2 plugins.
Preloading 0 native plugins for Editor in 0.00 ms.
Unloading 1858 Unused Serialized files (Serialized files now loaded: 0)
Unloading 12 unused Assets / (24.6 KB). Loaded Objects now: 2404.
Memory consumption went from 83.1 MB to 83.1 MB.
Total: 2.903300 ms (FindLiveObjects: 0.136400 ms CreateObjectMapping: 0.049400 ms MarkObjects: 2.683800 ms  DeleteObjects: 0.033100 ms)

AssetImportParameters requested are different than current active one (requested -> active):
  custom:video-decoder-ogg-theora: a1e56fd34408186e4bbccfd4996cb3dc -> 
  custom:container-muxer-webm: aa71ff27fc2769a1b78a27578f13a17b -> 
  custom:container-demuxer-webm: 4f35f7cbe854078d1ac9338744f61a02 -> 
  custom:video-encoder-webm-vp8: eb34c28f22e8b96e1ab97ce403110664 -> 
  custom:audio-encoder-webm-vorbis: bf7c407c2cedff20999df2af8eb42d56 -> 
  custom:framework-win-MediaFoundation: 216162199b28c13a410421893ffa2e32 -> 
  custom:container-demuxer-ogg: 62fdf1f143b41e24485cea50d1cbac27 -> 
  custom:video-decoder-webm-vp8: 9c59270c3fd7afecdb556c50c9e8de78 -> 
  custom:audio-decoder-ogg-vorbis: bf7c407c2cedff20999df2af8eb42d56 -> 
========================================================================
Received Prepare
Registering precompiled user dll's ...
Registered in 0.002306 seconds.
Begin MonoManager ReloadAssembly
Native extension for UWP target not found
Native extension for WindowsStandalone target not found
Native extension for WebGL target not found
Refreshing native plugins compatible for Editor in 0.37 ms, found 2 plugins.
Preloading 0 native plugins for Editor in 0.00 ms.
Mono: successfully reloaded assembly
- Completed reload, in  0.945 seconds
Domain Reload Profiling:
	ReloadAssembly (946ms)
		BeginReloadAssembly (116ms)
			ExecutionOrderSort (0ms)
			DisableScriptedObjects (7ms)
			BackupInstance (0ms)
			ReleaseScriptingObjects (0ms)
			CreateAndSetChildDomain (27ms)
		EndReloadAssembly (734ms)
			LoadAssemblies (71ms)
			RebuildTransferFunctionScriptingTraits (0ms)
			SetupTypeCache (180ms)
			ReleaseScriptCaches (1ms)
			RebuildScriptCaches (31ms)
			SetupLoadedEditorAssemblies (403ms)
				LogAssemblyErrors (0ms)
				InitializePlatformSupportModulesInManaged (14ms)
				SetLoadedEditorAssemblies (0ms)
				RefreshPlugins (0ms)
				BeforeProcessingInitializeOnLoad (55ms)
				ProcessInitializeOnLoadAttributes (257ms)
				ProcessInitializeOnLoadMethodAttributes (65ms)
				AfterProcessingInitializeOnLoad (10ms)
				EditorAssembliesLoaded (0ms)
			ExecutionOrderSort2 (0ms)
			AwakeInstancesAfterBackupRestoration (11ms)
Platform modules already initialized, skipping
Refreshing native plugins compatible for Editor in 1.91 ms, found 2 plugins.
Preloading 0 native plugins for Editor in 0.00 ms.
Unloading 1858 Unused Serialized files (Serialized files now loaded: 0)
Unloading 12 unused Assets / (24.6 KB). Loaded Objects now: 2407.
Memory consumption went from 83.1 MB to 83.1 MB.
Total: 14.733500 ms (FindLiveObjects: 0.270400 ms CreateObjectMapping: 0.190300 ms MarkObjects: 14.173100 ms  DeleteObjects: 0.097600 ms)

AssetImportParameters requested are different than current active one (requested -> active):
  custom:video-decoder-ogg-theora: a1e56fd34408186e4bbccfd4996cb3dc -> 
  custom:container-muxer-webm: aa71ff27fc2769a1b78a27578f13a17b -> 
  custom:container-demuxer-webm: 4f35f7cbe854078d1ac9338744f61a02 -> 
  custom:video-encoder-webm-vp8: eb34c28f22e8b96e1ab97ce403110664 -> 
  custom:audio-encoder-webm-vorbis: bf7c407c2cedff20999df2af8eb42d56 -> 
  custom:framework-win-MediaFoundation: 216162199b28c13a410421893ffa2e32 -> 
  custom:container-demuxer-ogg: 62fdf1f143b41e24485cea50d1cbac27 -> 
  custom:video-decoder-webm-vp8: 9c59270c3fd7afecdb556c50c9e8de78 -> 
  custom:audio-decoder-ogg-vorbis: bf7c407c2cedff20999df2af8eb42d56 -> 
========================================================================
Received Prepare
Registering precompiled user dll's ...
Registered in 0.002261 seconds.
Begin MonoManager ReloadAssembly
Native extension for UWP target not found
Native extension for WindowsStandalone target not found
Native extension for WebGL target not found
Refreshing native plugins compatible for Editor in 0.37 ms, found 2 plugins.
Preloading 0 native plugins for Editor in 0.00 ms.
Mono: successfully reloaded assembly
- Completed reload, in  1.043 seconds
Domain Reload Profiling:
	ReloadAssembly (1044ms)
		BeginReloadAssembly (124ms)
			ExecutionOrderSort (0ms)
			DisableScriptedObjects (7ms)
			BackupInstance (0ms)
			ReleaseScriptingObjects (0ms)
			CreateAndSetChildDomain (28ms)
		EndReloadAssembly (824ms)
			LoadAssemblies (81ms)
			RebuildTransferFunctionScriptingTraits (0ms)
			SetupTypeCache (176ms)
			ReleaseScriptCaches (1ms)
			RebuildScriptCaches (34ms)
			SetupLoadedEditorAssemblies (486ms)
				LogAssemblyErrors (0ms)
				InitializePlatformSupportModulesInManaged (14ms)
				SetLoadedEditorAssemblies (0ms)
				RefreshPlugins (0ms)
				BeforeProcessingInitializeOnLoad (50ms)
				ProcessInitializeOnLoadAttributes (343ms)
				ProcessInitializeOnLoadMethodAttributes (68ms)
				AfterProcessingInitializeOnLoad (11ms)
				EditorAssembliesLoaded (1ms)
			ExecutionOrderSort2 (0ms)
			AwakeInstancesAfterBackupRestoration (12ms)
Platform modules already initialized, skipping
Refreshing native plugins compatible for Editor in 1.27 ms, found 2 plugins.
Preloading 0 native plugins for Editor in 0.00 ms.
Unloading 1858 Unused Serialized files (Serialized files now loaded: 0)
Unloading 12 unused Assets / (24.6 KB). Loaded Objects now: 2410.
Memory consumption went from 83.1 MB to 83.1 MB.
Total: 3.013900 ms (FindLiveObjects: 0.148800 ms CreateObjectMapping: 0.063200 ms MarkObjects: 2.781200 ms  DeleteObjects: 0.019900 ms)

AssetImportParameters requested are different than current active one (requested -> active):
  custom:video-decoder-ogg-theora: a1e56fd34408186e4bbccfd4996cb3dc -> 
  custom:container-muxer-webm: aa71ff27fc2769a1b78a27578f13a17b -> 
  custom:container-demuxer-webm: 4f35f7cbe854078d1ac9338744f61a02 -> 
  custom:video-encoder-webm-vp8: eb34c28f22e8b96e1ab97ce403110664 -> 
  custom:audio-encoder-webm-vorbis: bf7c407c2cedff20999df2af8eb42d56 -> 
  custom:framework-win-MediaFoundation: 216162199b28c13a410421893ffa2e32 -> 
  custom:container-demuxer-ogg: 62fdf1f143b41e24485cea50d1cbac27 -> 
  custom:video-decoder-webm-vp8: 9c59270c3fd7afecdb556c50c9e8de78 -> 
  custom:audio-decoder-ogg-vorbis: bf7c407c2cedff20999df2af8eb42d56 -> 
